<?xml version="1.0" encoding="UTF-8"?>
<!-- Generated by org.testng.reporters.JUnitXMLReporter -->
<testsuite ignored="0" hostname="DESKTOP-MUAM1G2" failures="0" tests="7" name="ChromeTest" time="1.9" errors="0" timestamp="2021-04-26T10:21:31 IST">
  <testcase classname="Login_Type.Login_Type_Verify" name="@BeforeTest conti" time="1.843">
    <failure type="org.openqa.selenium.SessionNotCreatedException" message="session not created: This version of ChromeDriver only supports Chrome version 88
Current browser version is 90.0.4430.85 with binary path C:\Program Files (x86)\Google\Chrome\Application\chrome.exe
Build info: version: &amp;apos;3.141.59&amp;apos;, revision: &amp;apos;e82be7d358&amp;apos;, time: &amp;apos;2018-11-14T08:17:03&amp;apos;
System info: host: &amp;apos;DESKTOP-MUAM1G2&amp;apos;, ip: &amp;apos;192.168.1.20&amp;apos;, os.name: &amp;apos;Windows 10&amp;apos;, os.arch: &amp;apos;amd64&amp;apos;, os.version: &amp;apos;10.0&amp;apos;, java.version: &amp;apos;13.0.2&amp;apos;
Driver info: driver.version: ChromeDriver
remote stacktrace: Backtrace:
	GetHandleVerifier [0x005CB963+483]
	GetHandleVerifier [0x005CB941+449]
	GetHandleVerifier [0x00973308+3832712]
	GetHandleVerifier [0x0098D69A+3940122]
	GetHandleVerifier [0x00989AFB+3924859]
	GetHandleVerifier [0x00987D9C+3917340]
	GetHandleVerifier [0x009AE7FE+4075646]
	GetHandleVerifier [0x009AE56C+4074988]
	GetHandleVerifier [0x009AB2EB+4062059]
	GetHandleVerifier [0x0098ED14+3945876]
	GetHandleVerifier [0x0098FBCE+3949646]
	GetHandleVerifier [0x0098FB59+3949529]
	Ordinal0 [0x0058B5CC+46540]
	Ordinal0 [0x00589F53+40787]
	Ordinal0 [0x00589B12+39698]
	GetHandleVerifier [0x00891468+2907368]
	GetHandleVerifier [0x006D71EE+1096302]
	GetHandleVerifier [0x00693E8D+821005]
	GetHandleVerifier [0x0069396B+819691]
	GetHandleVerifier [0x00693881+819457]
	GetHandleVerifier [0x006BF463+998627]
	BaseThreadInitThunk [0x774DFA29+25]
	RtlGetAppContainerNamedObjectPath [0x77AF7A4E+286]
	RtlGetAppContainerNamedObjectPath [0x77AF7A1E+238]
">
      <![CDATA[org.openqa.selenium.SessionNotCreatedException: session not created: This version of ChromeDriver only supports Chrome version 88
Current browser version is 90.0.4430.85 with binary path C:\Program Files (x86)\Google\Chrome\Application\chrome.exe
Build info: version: '3.141.59', revision: 'e82be7d358', time: '2018-11-14T08:17:03'
System info: host: 'DESKTOP-MUAM1G2', ip: '192.168.1.20', os.name: 'Windows 10', os.arch: 'amd64', os.version: '10.0', java.version: '13.0.2'
Driver info: driver.version: ChromeDriver
remote stacktrace: Backtrace:
GetHandleVerifier [0x005CB963+483]
GetHandleVerifier [0x005CB941+449]
GetHandleVerifier [0x00973308+3832712]
GetHandleVerifier [0x0098D69A+3940122]
GetHandleVerifier [0x00989AFB+3924859]
GetHandleVerifier [0x00987D9C+3917340]
GetHandleVerifier [0x009AE7FE+4075646]
GetHandleVerifier [0x009AE56C+4074988]
GetHandleVerifier [0x009AB2EB+4062059]
GetHandleVerifier [0x0098ED14+3945876]
GetHandleVerifier [0x0098FBCE+3949646]
GetHandleVerifier [0x0098FB59+3949529]
Ordinal0 [0x0058B5CC+46540]
Ordinal0 [0x00589F53+40787]
Ordinal0 [0x00589B12+39698]
GetHandleVerifier [0x00891468+2907368]
GetHandleVerifier [0x006D71EE+1096302]
GetHandleVerifier [0x00693E8D+821005]
GetHandleVerifier [0x0069396B+819691]
GetHandleVerifier [0x00693881+819457]
GetHandleVerifier [0x006BF463+998627]
BaseThreadInitThunk [0x774DFA29+25]
RtlGetAppContainerNamedObjectPath [0x77AF7A4E+286]
RtlGetAppContainerNamedObjectPath [0x77AF7A1E+238]

at org.openqa.selenium.remote.W3CHandshakeResponse.lambda$errorHandler$0(W3CHandshakeResponse.java:62)
at org.openqa.selenium.remote.HandshakeResponse.lambda$getResponseFunction$0(HandshakeResponse.java:30)
at org.openqa.selenium.remote.ProtocolHandshake.lambda$createSession$0(ProtocolHandshake.java:126)
at java.base/java.util.stream.ReferencePipeline$3$1.accept(ReferencePipeline.java:195)
at java.base/java.util.Spliterators$ArraySpliterator.tryAdvance(Spliterators.java:958)
at java.base/java.util.stream.ReferencePipeline.forEachWithCancel(ReferencePipeline.java:127)
at java.base/java.util.stream.AbstractPipeline.copyIntoWithCancel(AbstractPipeline.java:502)
at java.base/java.util.stream.AbstractPipeline.copyInto(AbstractPipeline.java:488)
at java.base/java.util.stream.AbstractPipeline.wrapAndCopyInto(AbstractPipeline.java:474)
at java.base/java.util.stream.FindOps$FindOp.evaluateSequential(FindOps.java:150)
at java.base/java.util.stream.AbstractPipeline.evaluate(AbstractPipeline.java:234)
at java.base/java.util.stream.ReferencePipeline.findFirst(ReferencePipeline.java:543)
at org.openqa.selenium.remote.ProtocolHandshake.createSession(ProtocolHandshake.java:128)
at org.openqa.selenium.remote.ProtocolHandshake.createSession(ProtocolHandshake.java:74)
at org.openqa.selenium.remote.HttpCommandExecutor.execute(HttpCommandExecutor.java:136)
at org.openqa.selenium.remote.service.DriverCommandExecutor.execute(DriverCommandExecutor.java:83)
at org.openqa.selenium.remote.RemoteWebDriver.execute(RemoteWebDriver.java:552)
at org.openqa.selenium.remote.RemoteWebDriver.startSession(RemoteWebDriver.java:213)
at org.openqa.selenium.remote.RemoteWebDriver.<init>(RemoteWebDriver.java:131)
at org.openqa.selenium.chrome.ChromeDriver.<init>(ChromeDriver.java:181)
at org.openqa.selenium.chrome.ChromeDriver.<init>(ChromeDriver.java:168)
at org.openqa.selenium.chrome.ChromeDriver.<init>(ChromeDriver.java:123)
at Login_Type.Login_Type_Verify.conti(Login_Type_Verify.java:68)
... Removed 29 stack frames]]>
    </failure>
  </testcase> <!-- @BeforeTest conti -->
  <testcase classname="Login_Type.Login_Type_Verify" name="@AfterTest close" time="-1.619412690972E9">
    <skipped/>
  </testcase> <!-- @AfterTest close -->
  <testcase classname="Login_Type.Login_Type_Verify" name="progress_bar" time="0.0">
    <skipped/>
  </testcase> <!-- progress_bar -->
  <testcase classname="Login_Type.Login_Type_Verify" name="defaultchecks" time="0.0">
    <skipped/>
  </testcase> <!-- defaultchecks -->
  <testcase classname="Login_Type.Login_Type_Verify" name="UnitWise" time="0.0">
    <skipped/>
  </testcase> <!-- UnitWise -->
  <testcase classname="Login_Type.Login_Type_Verify" name="review_screens" time="0.0">
    <skipped/>
  </testcase> <!-- review_screens -->
  <testcase classname="Login_Type.Login_Type_Verify" name="New_Acti_btn" time="0.0">
    <skipped/>
  </testcase> <!-- New_Acti_btn -->
  <testcase classname="Login_Type.Login_Type_Verify" name="Act2" time="0.0">
    <skipped/>
  </testcase> <!-- Act2 -->
  <testcase classname="Login_Type.Login_Type_Verify" name="Act3" time="0.0">
    <skipped/>
  </testcase> <!-- Act3 -->
</testsuite> <!-- ChromeTest -->
